1610525618997	geckodriver	INFO	Listening on 127.0.0.1:53626
1610525622194	mozrunner::runner	INFO	Running command: "C:\\Program Files\\Mozilla Firefox\\firefox.exe" "--marionette" "-foreground" "-no-remote" "-profile" "C:\\Users\\SG0305~1\\AppData\\Local\\Temp\\1\\rust_mozprofileVCOiJC"
1610525694020	geckodriver	INFO	Listening on 127.0.0.1:53723
1610525701293	mozrunner::runner	INFO	Running command: "C:\\Program Files\\Mozilla Firefox\\firefox.exe" "--marionette" "-foreground" "-no-remote" "-profile" "C:\\Users\\SG0305~1\\AppData\\Local\\Temp\\1\\rust_mozprofile6JhpI9"
Can't find symbol 'eglSwapBuffersWithDamageEXT'.
Can't find symbol 'eglSetDamageRegionKHR'.
JavaScript error: resource://gre/modules/XULStore.jsm, line 66: Error: Can't find profile directory.
console.warn: SearchSettings: "get: No settings file exists, new profile?" (new Error("", "(unknown module)"))
1610525708164	Marionette	INFO	Listening on port 53733
1610525708548	Marionette	WARN	TLS certificate errors will be ignored for this session
1610525720440	Marionette	INFO	Stopped listening on port 53733
1610525746186	geckodriver	INFO	Listening on 127.0.0.1:53799
1610525749331	mozrunner::runner	INFO	Running command: "C:\\Program Files\\Mozilla Firefox\\firefox.exe" "--marionette" "-foreground" "-no-remote" "-profile" "C:\\Users\\SG0305~1\\AppData\\Local\\Temp\\1\\rust_mozprofileFJHiqX"
Can't find symbol 'eglSwapBuffersWithDamageEXT'.
Can't find symbol 'eglSetDamageRegionKHR'.
JavaScript error: resource://gre/modules/XULStore.jsm, line 66: Error: Can't find profile directory.
console.warn: SearchSettings: "get: No settings file exists, new profile?" (new Error("", "(unknown module)"))
1610525756252	Marionette	INFO	Listening on port 53812
1610525756293	Marionette	WARN	TLS certificate errors will be ignored for this session
1610525767591	Marionette	INFO	Stopped listening on port 53812

###!!! [Child][RunMessage] Error: Channel closing: too late to send/recv, messages will be lost

1610525769039	geckodriver	INFO	Listening on 127.0.0.1:53873
1610525772145	mozrunner::runner	INFO	Running command: "C:\\Program Files\\Mozilla Firefox\\firefox.exe" "--marionette" "-foreground" "-no-remote" "-profile" "C:\\Users\\SG0305~1\\AppData\\Local\\Temp\\1\\rust_mozprofileEGN5il"
Can't find symbol 'eglSwapBuffersWithDamageEXT'.
Can't find symbol 'eglSetDamageRegionKHR'.
JavaScript error: resource://gre/modules/XULStore.jsm, line 66: Error: Can't find profile directory.
console.warn: SearchSettings: "get: No settings file exists, new profile?" (new Error("", "(unknown module)"))
1610525776598	Marionette	INFO	Listening on port 53882
1610525776646	Marionette	WARN	TLS certificate errors will be ignored for this session
1610525800531	Marionette	INFO	Stopped listening on port 53882

###!!! [Child][RunMessage] Error: Channel closing: too late to send/recv, messages will be lost

1610525802139	geckodriver	INFO	Listening on 127.0.0.1:53955
1610525805267	mozrunner::runner	INFO	Running command: "C:\\Program Files\\Mozilla Firefox\\firefox.exe" "--marionette" "-foreground" "-no-remote" "-profile" "C:\\Users\\SG0305~1\\AppData\\Local\\Temp\\1\\rust_mozprofileb3JDbM"
Can't find symbol 'eglSwapBuffersWithDamageEXT'.
Can't find symbol 'eglSetDamageRegionKHR'.
JavaScript error: resource://gre/modules/XULStore.jsm, line 66: Error: Can't find profile directory.
console.warn: SearchSettings: "get: No settings file exists, new profile?" (new Error("", "(unknown module)"))
1610525809868	Marionette	INFO	Listening on port 53963
1610525810276	Marionette	WARN	TLS certificate errors will be ignored for this session
1610525820291	Marionette	INFO	Stopped listening on port 53963

###!!! [Child][RunMessage] Error: Channel closing: too late to send/recv, messages will be lost

1610526120554	geckodriver	INFO	Listening on 127.0.0.1:59387
1610526123712	mozrunner::runner	INFO	Running command: "C:\\Program Files\\Mozilla Firefox\\firefox.exe" "--marionette" "-foreground" "-no-remote" "-profile" "C:\\Users\\SG0305~1\\AppData\\Local\\Temp\\1\\rust_mozprofileYz5acG"
Can't find symbol 'eglSwapBuffersWithDamageEXT'.
Can't find symbol 'eglSetDamageRegionKHR'.
JavaScript error: resource://gre/modules/XULStore.jsm, line 66: Error: Can't find profile directory.
console.warn: SearchSettings: "get: No settings file exists, new profile?" (new Error("", "(unknown module)"))
1610526134741	Marionette	INFO	Listening on port 59408
1610526135060	Marionette	WARN	TLS certificate errors will be ignored for this session
1610526156964	Marionette	INFO	Stopped listening on port 59412
o send/recv, messages will be lost


###!!! [Child][MessageChannel] Error: (msgtype=0x3A00D4,name=PContent::Msg_ScriptErrorWithStack) Channel closing: too late to send/recv, mes
###!!! [Child][RunMessage] Error: Channel closing: too late to send/recv, messages will be lost

1610526144295	Marionette	INFO	Stopped listening on port 59409

###!!! [Child][RunMessage] Error: Channel closing: too late to send/recv, messages will be lost

riptErrorWithStack) Channel closing: too late to send/recv, messages will be lost


###!!! [Child][MessageChannel] Error: (msgtype=0x3A00D4,name=PContent::Msg_ScriptErrorWithStack) Channel closing: too late to send/recv, messages will be lost


###!!! [Child][MessageChannel] Error: (msgtype=0x3A00D4,name=PContent::Msg_ScriptErrorWithStack) Channel closing: too late to send/recv, messages will be lost

1610526144609	Marionette	INFO	Stopped listening on port 59408
JavaScript error: resource://activity-stream/lib/ASRouter.jsm, line 987: NS_ERROR_ILLEGAL_VALUE: Component returned failure code: 0x80070057 (NS_ERROR_ILLEGAL_VALUE) [nsIObserverService.removeObserver]

###!!! [Child][RunMessage] Error: Channel closing: too late to send/recv, messages will be lost


###!!! [Child][RunMessage] Error: Channel closing: too late to send/recv, messages will be lost

1610526669129	geckodriver	INFO	Listening on 127.0.0.1:56547
1610526672259	mozrunner::runner	INFO	Running command: "C:\\Program Files\\Mozilla Firefox\\firefox.exe" "--marionette" "-foreground" "-no-remote" "-profile" "C:\\Users\\SG0305~1\\AppData\\Local\\Temp\\1\\rust_mozprofilex4NoGI"
Can't find symbol 'eglSwapBuffersWithDamageEXT'.
Can't find symbol 'eglSetDamageRegionKHR'.
JavaScript error: resource://gre/modules/XULStore.jsm, line 66: Error: Can't find profile directory.
console.warn: SearchSettings: "get: No settings file exists, new profile?" (new Error("", "(unknown module)"))
1610526682675	Marionette	INFO	Listening on port 56568
1610526683019	Marionette	WARN	TLS certificate errors will be ignored for this session
1610526702617	Marionette	INFO	Stopped listening on port 56567

###!!! [Child][RunMessage] Error: Channel closing: too late to send/recv, messages will be lost

t 56571
JavaScript error: resource://activity-stream/lib/ASRouter.jsm, line 987: NS_ERROR_ILLEGAL_VALUE: Component returned failure code: 0x80070057 (NS_ERROR_ILLEGAL_VALUE) [nsIObserverService.removeObserver]
console.error: services.settings: 
  main/whats-new-panel Signature failed  TypeError: NetworkError when attempting to fetch resource.

###!!! [Child][RunMessage] Error: Channel closing: too late to send/recv, messages will be lost

